<?xml version="1.0" encoding="UTF-8"?>
<testsuite name="com.abinator.urlshortener.UrlshortenerApplicationTests" tests="1" skipped="0" failures="0" errors="0" timestamp="2025-07-09T06:43:44" hostname="Som-" time="0.431">
  <properties/>
  <testcase name="contextLoads()" classname="com.abinator.urlshortener.UrlshortenerApplicationTests" time="0.431"/>
  <system-out><![CDATA[12:13:43.656 [Test worker] INFO org.springframework.test.context.support.AnnotationConfigContextLoaderUtils -- Could not detect default configuration classes for test class [com.abinator.urlshortener.UrlshortenerApplicationTests]: UrlshortenerApplicationTests does not declare any static, non-private, non-final, nested classes annotated with @Configuration.
12:13:43.697 [Test worker] INFO org.springframework.boot.test.context.SpringBootTestContextBootstrapper -- Found @SpringBootConfiguration com.abinator.urlshortener.UrlshortenerApplication for test class com.abinator.urlshortener.UrlshortenerApplicationTests

  .   ____          _            __ _ _
 /\\ / ___'_ __ _ _(_)_ __  __ _ \ \ \ \
( ( )\___ | '_ | '_| | '_ \/ _` | \ \ \ \
 \\/  ___)| |_)| | | | | || (_| |  ) ) ) )
  '  |____| .__|_| |_|_| |_\__, | / / / /
 =========|_|==============|___/=/_/_/_/
 :: Spring Boot ::                (v3.1.5)

2025-07-09T12:13:43.842+05:30  INFO 44953 --- [    Test worker] c.a.u.UrlshortenerApplicationTests       : Starting UrlshortenerApplicationTests using Java 21.0.7 with PID 44953 (started by som in /Users/som/Documents/Url-Shorteners)
2025-07-09T12:13:43.843+05:30  INFO 44953 --- [    Test worker] c.a.u.UrlshortenerApplicationTests       : No active profile set, falling back to 1 default profile: "default"
2025-07-09T12:13:44.091+05:30  INFO 44953 --- [    Test worker] .s.d.r.c.RepositoryConfigurationDelegate : Multiple Spring Data modules found, entering strict repository configuration mode
2025-07-09T12:13:44.092+05:30  INFO 44953 --- [    Test worker] .s.d.r.c.RepositoryConfigurationDelegate : Bootstrapping Spring Data Redis repositories in DEFAULT mode.
2025-07-09T12:13:44.107+05:30  INFO 44953 --- [    Test worker] .s.d.r.c.RepositoryConfigurationDelegate : Finished Spring Data repository scanning in 8 ms. Found 0 Redis repository interfaces.
2025-07-09T12:13:44.690+05:30  INFO 44953 --- [    Test worker] c.a.u.UrlshortenerApplicationTests       : Started UrlshortenerApplicationTests in 0.938 seconds (process running for 1.408)
]]></system-out>
  <system-err><![CDATA[WARNING: A Java agent has been loaded dynamically (/Users/som/.gradle/caches/modules-2/files-2.1/net.bytebuddy/byte-buddy-agent/1.14.9/dfb8707031008535048bad2b69735f46d0b6c5e5/byte-buddy-agent-1.14.9.jar)
WARNING: If a serviceability tool is in use, please run with -XX:+EnableDynamicAgentLoading to hide this warning
WARNING: If a serviceability tool is not in use, please run with -Djdk.instrument.traceUsage for more information
WARNING: Dynamic loading of agents will be disallowed by default in a future release
]]></system-err>
</testsuite>
